<?xml version="1.0" encoding="UTF-8"?>
<!-- Generated by org.testng.reporters.JUnitXMLReporter -->
<testsuite ignored="0" hostname="MIN50056-PC" failures="0" tests="3" name="Test" time="75.388" errors="0" timestamp="09 Oct 2021 14:12:13 GMT">
  <testcase classname="com.testClasses.FormAuthontication" name="formAuthentication" time="11.364"/>
  <testcase classname="com.testClasses.ForgotPassword" name="VerifyforgotPassword" time="14.953"/>
  <testcase classname="com.testClasses.MultipleWindow" name="VerifyforgotPassword" time="13.046"/>
</testsuite> <!-- Test -->
