<?xml version="1.0" encoding="UTF-8"?>
<!-- Generated by org.testng.reporters.JUnitXMLReporter -->
<testsuite ignored="0" hostname="MIN50320-LAPTOP" failures="1" tests="1" name="Test(failed)" time="10.652" errors="0" timestamp="05 Sep 2021 07:06:42 GMT">
  <testcase classname="com.testClasses.FormAuthontication" name="formAuthentication" time="1.993">
    <failure type="java.lang.AssertionError" message="expected [true] but found [false]">
      <![CDATA[java.lang.AssertionError: expected [true] but found [false]
at com.testClasses.FormAuthontication.formAuthentication(FormAuthontication.java:49)
... Removed 29 stack frames]]>
    </failure>
  </testcase> <!-- formAuthentication -->
</testsuite> <!-- Test(failed) -->
